<?xml version="1.0" encoding="UTF-8"?>
<!-- Generated by org.testng.reporters.JUnitReportReporter -->
<testsuite hostname="LAPTOP-BJOH59EG" failures="0" tests="1" name="com.eva.read.Excel" time="0.883" errors="0" timestamp="2025-06-24T11:28:04 IST" skipped="0">
  <testcase classname="com.eva.read.Excel" name="excelDataRead" time="0.883"/>
</testsuite> <!-- com.eva.read.Excel -->
