<?xml version="1.0" encoding="UTF-8"?>
<!-- Generated by org.testng.reporters.JUnitReportReporter -->
<testsuite hostname="LAPTOP-BJOH59EG" failures="0" tests="1" name="com.eva.read.TestTheSaucedemo" time="0.430" errors="0" timestamp="2025-05-15T14:16:13 IST" skipped="0">
  <testcase classname="com.eva.read.TestTheSaucedemo" name="testFunctionalitySauceDemo" time="0.430"/>
</testsuite> <!-- com.eva.read.TestTheSaucedemo -->
