<?xml version="1.0" encoding="UTF-8"?>
<!-- Generated by org.testng.reporters.JUnitReportReporter -->
<testsuite hostname="LAPTOP-BJOH59EG" failures="0" tests="1" name="com.eva.read.saucedemo" time="16.602" errors="0" timestamp="2025-05-15T13:47:33 IST" skipped="0">
  <testcase classname="com.eva.read.saucedemo" name="login" time="16.602"/>
</testsuite> <!-- com.eva.read.saucedemo -->
