<?xml version="1.0" encoding="UTF-8"?>
<!-- Generated by org.testng.reporters.JUnitReportReporter -->
<testsuite hostname="LAPTOP-BJOH59EG" failures="0" tests="1" name="org.info.vtiger.testscripts.rflipkartAutomationScript" time="11.258" errors="0" timestamp="2025-05-07T12:44:02 IST" skipped="0">
  <testcase classname="org.info.vtiger.testscripts.rflipkartAutomationScript" name="testTheFashion" time="11.258"/>
</testsuite> <!-- org.info.vtiger.testscripts.rflipkartAutomationScript -->
