<?xml version="1.0" encoding="UTF-8"?>
<!-- Generated by org.testng.reporters.JUnitReportReporter -->
<testsuite hostname="LAPTOP-BJOH59EG" failures="0" tests="1" name="org.info.vtiger.testscripts.MoreAutomationScripts" time="46.908" errors="0" timestamp="2025-05-04T17:39:11 IST" skipped="0">
  <testcase classname="org.info.vtiger.testscripts.MoreAutomationScripts" name="testMoreInServiceButtonContactCreationWithRequiredField" time="46.908"/>
</testsuite> <!-- org.info.vtiger.testscripts.MoreAutomationScripts -->
