<?xml version="1.0" encoding="UTF-8"?>
<!-- Generated by org.testng.reporters.JUnitReportReporter -->
<testsuite hostname="LAPTOP-BJOH59EG" failures="0" tests="1" name="org.info.vtiger.testscripts.qProducts" time="17.118" errors="0" timestamp="2025-04-20T15:10:34 IST" skipped="0">
  <testcase classname="org.info.vtiger.testscripts.qProducts" name="testTheCrearProductWithRequiredFields" time="17.118"/>
</testsuite> <!-- org.info.vtiger.testscripts.qProducts -->
