<?xml version="1.0" encoding="UTF-8"?>
<!-- Generated by org.testng.reporters.JUnitReportReporter -->
<testsuite hostname="LAPTOP-BJOH59EG" failures="0" tests="1" name="org.info.vtiger.testscripts.OrganigationAutomationScripts" time="13.691" errors="0" timestamp="2025-05-04T17:39:11 IST" skipped="0">
  <testcase classname="org.info.vtiger.testscripts.OrganigationAutomationScripts" name="testOrganizationCreationWithRequiredFields" time="13.691"/>
</testsuite> <!-- org.info.vtiger.testscripts.OrganigationAutomationScripts -->
