<?xml version="1.0" encoding="UTF-8"?>
<!-- Generated by org.testng.reporters.JUnitReportReporter -->
<testsuite hostname="LAPTOP-BJOH59EG" failures="0" tests="3" name="org.info.vtiger.testscripts.ContactsAutomationScripts" time="62.777" errors="0" timestamp="2025-05-04T18:02:03 IST" skipped="0">
  <testcase classname="org.info.vtiger.testscripts.ContactsAutomationScripts" name="testContactCreationWithoutRequiredFieldsOnly" time="18.730"/>
  <testcase classname="org.info.vtiger.testscripts.ContactsAutomationScripts" name="testContactCreationWithRequredFieldsOnly" time="26.762"/>
  <testcase classname="org.info.vtiger.testscripts.ContactsAutomationScripts" name="testTheCancelButtonContactCreation" time="17.285"/>
</testsuite> <!-- org.info.vtiger.testscripts.ContactsAutomationScripts -->
